2018/06/23 08:38:41 [warn] 1#1: "ssl_stapling" ignored, issuer certificate not found for certificate "/etc/nginx/ssl/kibana.crt"
2018/06/23 08:48:34 [error] 7#7: *22 user "kibanadmin": password mismatch, client: 90.112.161.178, server: www.buron.ovh, request: "GET / HTTP/1.1", host: "www.buron.ovh"
2018/06/23 08:49:30 [error] 7#7: *22 user "test" was not found in "/etc/nginx/conf.d/kibana.htpasswd", client: 90.112.161.178, server: www.buron.ovh, request: "GET / HTTP/1.1", host: "www.buron.ovh"
2018/06/23 08:49:33 [error] 7#7: *22 user "tt" was not found in "/etc/nginx/conf.d/kibana.htpasswd", client: 90.112.161.178, server: www.buron.ovh, request: "GET / HTTP/1.1", host: "www.buron.ovh"
2018/06/23 08:49:35 [error] 7#7: *22 user "ee" was not found in "/etc/nginx/conf.d/kibana.htpasswd", client: 90.112.161.178, server: www.buron.ovh, request: "GET / HTTP/1.1", host: "www.buron.ovh"
2018/06/23 08:49:37 [error] 7#7: *22 user "ee" was not found in "/etc/nginx/conf.d/kibana.htpasswd", client: 90.112.161.178, server: www.buron.ovh, request: "GET / HTTP/1.1", host: "www.buron.ovh"
2018/06/23 08:49:39 [error] 7#7: *22 user "ee" was not found in "/etc/nginx/conf.d/kibana.htpasswd", client: 90.112.161.178, server: www.buron.ovh, request: "GET / HTTP/1.1", host: "www.buron.ovh"
2018/06/23 12:43:20 [crit] 7#7: *141 SSL_do_handshake() failed (SSL: error:1417D18C:SSL routines:tls_process_client_hello:version too low) while SSL handshaking, client: 184.105.139.69, server: 0.0.0.0:443
2018/06/23 15:56:40 [crit] 7#7: *180 SSL_do_handshake() failed (SSL: error:1417D18C:SSL routines:tls_process_client_hello:version too low) while SSL handshaking, client: 82.221.105.7, server: 0.0.0.0:443
2018/06/24 15:12:01 [crit] 7#7: *438 SSL_do_handshake() failed (SSL: error:1417D18C:SSL routines:tls_process_client_hello:version too low) while SSL handshaking, client: 184.105.247.194, server: 0.0.0.0:443
2018/06/24 16:01:07 [warn] 1#1: "ssl_stapling" ignored, issuer certificate not found for certificate "/etc/nginx/ssl/kibana.crt"
2018/06/24 16:52:41 [warn] 1#1: "ssl_stapling" ignored, issuer certificate not found for certificate "/etc/nginx/ssl/kibana.crt"
2018/06/24 17:10:11 [warn] 1#1: "ssl_stapling" ignored, issuer certificate not found for certificate "/etc/nginx/ssl/kibana.crt"
2018/06/24 17:54:32 [warn] 1#1: "ssl_stapling" ignored, issuer certificate not found for certificate "/etc/nginx/ssl/kibana.crt"
2018/06/24 21:30:31 [warn] 1#1: "ssl_stapling" ignored, issuer certificate not found for certificate "/etc/nginx/ssl/kibana.crt"
2018/06/24 21:33:43 [warn] 1#1: "ssl_stapling" ignored, issuer certificate not found for certificate "/etc/nginx/ssl/kibana.crt"
2018/06/25 08:05:53 [warn] 1#1: "ssl_stapling" ignored, issuer certificate not found for certificate "/etc/nginx/ssl/kibana.crt"
2018/06/25 10:02:38 [emerg] 1#1: "stream" directive is not allowed here in /etc/nginx/conf.d/default.conf:4
2018/06/25 10:02:42 [emerg] 1#1: "stream" directive is not allowed here in /etc/nginx/conf.d/default.conf:4
2018/06/25 10:02:45 [emerg] 1#1: "stream" directive is not allowed here in /etc/nginx/conf.d/default.conf:4
2018/06/25 10:02:49 [emerg] 1#1: "stream" directive is not allowed here in /etc/nginx/conf.d/default.conf:4
2018/06/25 10:02:53 [emerg] 1#1: "stream" directive is not allowed here in /etc/nginx/conf.d/default.conf:4
2018/06/25 10:07:24 [emerg] 1#1: "stream" directive is not allowed here in /etc/nginx/conf.d/default.conf:1
2018/06/25 10:07:27 [emerg] 1#1: "stream" directive is not allowed here in /etc/nginx/conf.d/default.conf:1
2018/06/25 10:07:32 [emerg] 1#1: "stream" directive is not allowed here in /etc/nginx/conf.d/default.conf:1
2018/06/25 10:07:35 [emerg] 1#1: "stream" directive is not allowed here in /etc/nginx/conf.d/default.conf:1
2018/06/25 10:07:39 [emerg] 1#1: "stream" directive is not allowed here in /etc/nginx/conf.d/default.conf:1
2018/06/25 10:07:43 [emerg] 1#1: "stream" directive is not allowed here in /etc/nginx/conf.d/default.conf:1
2018/06/25 10:07:49 [emerg] 1#1: "stream" directive is not allowed here in /etc/nginx/conf.d/default.conf:1
2018/06/25 10:07:58 [emerg] 1#1: "stream" directive is not allowed here in /etc/nginx/conf.d/default.conf:1
2018/06/25 10:08:14 [emerg] 1#1: "stream" directive is not allowed here in /etc/nginx/conf.d/default.conf:1
2018/06/25 10:08:42 [emerg] 1#1: "stream" directive is not allowed here in /etc/nginx/conf.d/default.conf:1
2018/06/25 10:09:36 [emerg] 1#1: "stream" directive is not allowed here in /etc/nginx/conf.d/default.conf:1
2018/06/25 10:10:40 [emerg] 1#1: "stream" directive is not allowed here in /etc/nginx/conf.d/default.conf:1
2018/06/25 10:11:42 [emerg] 1#1: "stream" directive is not allowed here in /etc/nginx/conf.d/default.conf:1
2018/06/25 10:12:43 [emerg] 1#1: "stream" directive is not allowed here in /etc/nginx/conf.d/default.conf:1
2018/06/25 10:15:17 [emerg] 1#1: "http" directive is not allowed here in /etc/nginx/conf.d/default.conf:1
2018/06/25 10:15:21 [emerg] 1#1: "http" directive is not allowed here in /etc/nginx/conf.d/default.conf:1
2018/06/25 10:15:25 [emerg] 1#1: "http" directive is not allowed here in /etc/nginx/conf.d/default.conf:1
2018/06/25 10:15:29 [emerg] 1#1: "http" directive is not allowed here in /etc/nginx/conf.d/default.conf:1
2018/06/25 10:16:26 [emerg] 1#1: "http" directive is not allowed here in /etc/nginx/conf.d/default.conf:1
2018/06/25 10:16:30 [emerg] 1#1: "http" directive is not allowed here in /etc/nginx/conf.d/default.conf:1
2018/06/25 10:16:33 [emerg] 1#1: "http" directive is not allowed here in /etc/nginx/conf.d/default.conf:1
2018/06/25 10:16:38 [emerg] 1#1: "http" directive is not allowed here in /etc/nginx/conf.d/default.conf:1
2018/06/25 10:16:42 [emerg] 1#1: "http" directive is not allowed here in /etc/nginx/conf.d/default.conf:1
2018/06/25 10:16:46 [emerg] 1#1: "http" directive is not allowed here in /etc/nginx/conf.d/default.conf:1
2018/06/25 10:16:53 [emerg] 1#1: "http" directive is not allowed here in /etc/nginx/conf.d/default.conf:1
2018/06/25 10:17:02 [emerg] 1#1: "http" directive is not allowed here in /etc/nginx/conf.d/default.conf:1
2018/06/25 10:17:18 [emerg] 1#1: "http" directive is not allowed here in /etc/nginx/conf.d/default.conf:1
2018/06/25 10:37:19 [warn] 1#1: "ssl_stapling" ignored, issuer certificate not found for certificate "/etc/nginx/ssl/kibana.crt"
2018/06/25 10:37:19 [emerg] 1#1: log format is not specified in /etc/nginx/stream.conf.d/logstash.conf:1
2018/06/25 10:37:23 [warn] 1#1: "ssl_stapling" ignored, issuer certificate not found for certificate "/etc/nginx/ssl/kibana.crt"
2018/06/25 10:37:23 [emerg] 1#1: log format is not specified in /etc/nginx/stream.conf.d/logstash.conf:1
2018/06/25 10:37:27 [warn] 1#1: "ssl_stapling" ignored, issuer certificate not found for certificate "/etc/nginx/ssl/kibana.crt"
2018/06/25 10:37:27 [emerg] 1#1: log format is not specified in /etc/nginx/stream.conf.d/logstash.conf:1
2018/06/25 10:37:30 [warn] 1#1: "ssl_stapling" ignored, issuer certificate not found for certificate "/etc/nginx/ssl/kibana.crt"
2018/06/25 10:37:30 [emerg] 1#1: log format is not specified in /etc/nginx/stream.conf.d/logstash.conf:1
2018/06/25 10:37:34 [warn] 1#1: "ssl_stapling" ignored, issuer certificate not found for certificate "/etc/nginx/ssl/kibana.crt"
2018/06/25 10:37:34 [emerg] 1#1: log format is not specified in /etc/nginx/stream.conf.d/logstash.conf:1
2018/06/25 10:37:38 [warn] 1#1: "ssl_stapling" ignored, issuer certificate not found for certificate "/etc/nginx/ssl/kibana.crt"
2018/06/25 10:37:38 [emerg] 1#1: log format is not specified in /etc/nginx/stream.conf.d/logstash.conf:1
2018/06/25 10:37:46 [warn] 1#1: "ssl_stapling" ignored, issuer certificate not found for certificate "/etc/nginx/ssl/kibana.crt"
2018/06/25 10:37:46 [emerg] 1#1: log format is not specified in /etc/nginx/stream.conf.d/logstash.conf:1
2018/06/25 11:00:47 [warn] 1#1: "ssl_stapling" ignored, issuer certificate not found for certificate "/etc/nginx/ssl/kibana.crt"
2018/06/25 11:00:47 [emerg] 1#1: log format is not specified in /etc/nginx/stream.conf.d/logstash.conf:1
2018/06/25 11:00:50 [warn] 1#1: "ssl_stapling" ignored, issuer certificate not found for certificate "/etc/nginx/ssl/kibana.crt"
2018/06/25 11:00:50 [emerg] 1#1: log format is not specified in /etc/nginx/stream.conf.d/logstash.conf:1
2018/06/25 11:00:55 [warn] 1#1: "ssl_stapling" ignored, issuer certificate not found for certificate "/etc/nginx/ssl/kibana.crt"
2018/06/25 11:00:55 [emerg] 1#1: log format is not specified in /etc/nginx/stream.conf.d/logstash.conf:1
2018/06/25 11:00:58 [warn] 1#1: "ssl_stapling" ignored, issuer certificate not found for certificate "/etc/nginx/ssl/kibana.crt"
2018/06/25 11:00:58 [emerg] 1#1: log format is not specified in /etc/nginx/stream.conf.d/logstash.conf:1
2018/06/25 11:01:02 [warn] 1#1: "ssl_stapling" ignored, issuer certificate not found for certificate "/etc/nginx/ssl/kibana.crt"
2018/06/25 11:01:02 [emerg] 1#1: log format is not specified in /etc/nginx/stream.conf.d/logstash.conf:1
2018/06/25 11:21:46 [emerg] 1#1: invalid log level "main" in /etc/nginx/conf.d/default.conf:2
2018/06/25 11:21:49 [emerg] 1#1: invalid log level "main" in /etc/nginx/conf.d/default.conf:2
2018/06/25 11:21:54 [emerg] 1#1: invalid log level "main" in /etc/nginx/conf.d/default.conf:2
2018/06/25 11:21:57 [emerg] 1#1: invalid log level "main" in /etc/nginx/conf.d/default.conf:2
2018/06/25 11:22:01 [emerg] 1#1: invalid log level "main" in /etc/nginx/conf.d/default.conf:2
2018/06/25 11:22:05 [emerg] 1#1: invalid log level "main" in /etc/nginx/conf.d/default.conf:2
2018/06/25 11:22:13 [emerg] 1#1: invalid log level "main" in /etc/nginx/conf.d/default.conf:2
2018/06/25 11:22:22 [emerg] 1#1: invalid log level "main" in /etc/nginx/conf.d/default.conf:2
2018/06/25 11:22:38 [emerg] 1#1: invalid log level "main" in /etc/nginx/conf.d/default.conf:2
2018/06/25 11:25:40 [warn] 1#1: "ssl_stapling" ignored, issuer certificate not found for certificate "/etc/nginx/ssl/kibana.crt"
2018/06/25 11:45:06 [warn] 1#1: "ssl_stapling" ignored, issuer certificate not found for certificate "/etc/nginx/ssl/kibana.crt"
2018/06/25 11:45:06 [emerg] 1#1: the shared memory zone "SSL" is already declared for a different use in /etc/nginx/ssl-params.conf:5
2018/06/25 11:45:10 [warn] 1#1: "ssl_stapling" ignored, issuer certificate not found for certificate "/etc/nginx/ssl/kibana.crt"
2018/06/25 11:45:10 [emerg] 1#1: the shared memory zone "SSL" is already declared for a different use in /etc/nginx/ssl-params.conf:5
2018/06/25 11:45:14 [warn] 1#1: "ssl_stapling" ignored, issuer certificate not found for certificate "/etc/nginx/ssl/kibana.crt"
2018/06/25 11:45:14 [emerg] 1#1: the shared memory zone "SSL" is already declared for a different use in /etc/nginx/ssl-params.conf:5
2018/06/25 11:45:18 [warn] 1#1: "ssl_stapling" ignored, issuer certificate not found for certificate "/etc/nginx/ssl/kibana.crt"
2018/06/25 11:45:18 [emerg] 1#1: the shared memory zone "SSL" is already declared for a different use in /etc/nginx/ssl-params.conf:5
2018/06/25 11:45:22 [warn] 1#1: "ssl_stapling" ignored, issuer certificate not found for certificate "/etc/nginx/ssl/kibana.crt"
2018/06/25 11:45:22 [emerg] 1#1: host not found in upstream "logstash:5000" in /etc/nginx/stream.conf.d/logstash.conf:5
2018/06/25 11:47:57 [emerg] 1#1: "ssl_protocols" directive is not allowed here in /etc/nginx/ssl-params.conf:1
2018/06/25 11:48:00 [emerg] 1#1: "ssl_protocols" directive is not allowed here in /etc/nginx/ssl-params.conf:1
2018/06/25 11:48:04 [emerg] 1#1: "ssl_protocols" directive is not allowed here in /etc/nginx/ssl-params.conf:1
2018/06/25 11:48:09 [emerg] 1#1: "ssl_protocols" directive is not allowed here in /etc/nginx/ssl-params.conf:1
2018/06/25 11:51:31 [emerg] 1#1: open() "/etc/nginx/ssl-cache.conf" failed (2: No such file or directory) in /etc/nginx/nginx.conf:12
2018/06/25 11:51:35 [emerg] 1#1: open() "/etc/nginx/ssl-cache.conf" failed (2: No such file or directory) in /etc/nginx/nginx.conf:12
2018/06/25 11:51:39 [emerg] 1#1: open() "/etc/nginx/ssl-cache.conf" failed (2: No such file or directory) in /etc/nginx/nginx.conf:12
2018/06/25 11:52:32 [emerg] 1#1: "ssl_session_cache" directive is not allowed here in /etc/nginx/nginx.conf:12
2018/06/25 11:52:35 [emerg] 1#1: "ssl_session_cache" directive is not allowed here in /etc/nginx/nginx.conf:12
2018/06/25 11:52:39 [emerg] 1#1: "ssl_session_cache" directive is not allowed here in /etc/nginx/nginx.conf:12
2018/06/25 11:52:42 [emerg] 1#1: "ssl_session_cache" directive is not allowed here in /etc/nginx/nginx.conf:12
2018/06/25 11:52:48 [emerg] 1#1: "ssl_session_cache" directive is not allowed here in /etc/nginx/nginx.conf:12
2018/06/25 11:53:24 [warn] 1#1: "ssl_stapling" ignored, issuer certificate not found for certificate "/etc/nginx/ssl/kibana.crt"
2018/06/25 11:53:24 [emerg] 1#1: the shared memory zone "SSL" is already declared for a different use in /etc/nginx/ssl-params.conf:5
2018/06/25 11:53:28 [warn] 1#1: "ssl_stapling" ignored, issuer certificate not found for certificate "/etc/nginx/ssl/kibana.crt"
2018/06/25 11:53:28 [emerg] 1#1: the shared memory zone "SSL" is already declared for a different use in /etc/nginx/ssl-params.conf:5
2018/06/25 11:53:31 [warn] 1#1: "ssl_stapling" ignored, issuer certificate not found for certificate "/etc/nginx/ssl/kibana.crt"
2018/06/25 11:53:31 [emerg] 1#1: the shared memory zone "SSL" is already declared for a different use in /etc/nginx/ssl-params.conf:5
2018/06/25 11:53:35 [warn] 1#1: "ssl_stapling" ignored, issuer certificate not found for certificate "/etc/nginx/ssl/kibana.crt"
2018/06/25 11:53:35 [emerg] 1#1: host not found in upstream "logstash:5000" in /etc/nginx/stream.conf.d/logstash.conf:5
2018/06/25 11:58:35 [warn] 1#1: "ssl_stapling" ignored, issuer certificate not found for certificate "/etc/nginx/ssl/kibana.crt"
2018/06/25 11:58:35 [emerg] 1#1: PEM_read_bio_X509_AUX("/etc/nginx/ssl/logstash.crt") failed (SSL: error:0906D06C:PEM routines:PEM_read_bio:no start line:Expecting: TRUSTED CERTIFICATE)
2018/06/25 11:58:38 [warn] 1#1: "ssl_stapling" ignored, issuer certificate not found for certificate "/etc/nginx/ssl/kibana.crt"
2018/06/25 11:58:38 [emerg] 1#1: PEM_read_bio_X509_AUX("/etc/nginx/ssl/logstash.crt") failed (SSL: error:0906D06C:PEM routines:PEM_read_bio:no start line:Expecting: TRUSTED CERTIFICATE)
2018/06/25 11:58:42 [warn] 1#1: "ssl_stapling" ignored, issuer certificate not found for certificate "/etc/nginx/ssl/kibana.crt"
2018/06/25 11:58:42 [emerg] 1#1: PEM_read_bio_X509_AUX("/etc/nginx/ssl/logstash.crt") failed (SSL: error:0906D06C:PEM routines:PEM_read_bio:no start line:Expecting: TRUSTED CERTIFICATE)
2018/06/25 11:58:46 [warn] 1#1: "ssl_stapling" ignored, issuer certificate not found for certificate "/etc/nginx/ssl/kibana.crt"
2018/06/25 11:58:46 [emerg] 1#1: PEM_read_bio_X509_AUX("/etc/nginx/ssl/logstash.crt") failed (SSL: error:0906D06C:PEM routines:PEM_read_bio:no start line:Expecting: TRUSTED CERTIFICATE)
2018/06/25 12:11:41 [warn] 1#1: "ssl_stapling" ignored, issuer certificate not found for certificate "/etc/nginx/ssl/kibana.crt"
2018/06/27 21:44:52 [emerg] 10#10: BIO_new_file("/etc/letsencrypt/live/buron.ovh/fullchain.pem") failed (SSL: error:02001002:system library:fopen:No such file or directory:fopen('/etc/letsencrypt/live/buron.ovh/fullchain.pem','r') error:2006D080:BIO routines:BIO_new_file:no such file)
2018/06/27 21:46:30 [emerg] 9#9: BIO_new_file("/etc/letsencrypt/live/buron.ovh/fullchain.pem") failed (SSL: error:02001002:system library:fopen:No such file or directory:fopen('/etc/letsencrypt/live/buron.ovh/fullchain.pem','r') error:2006D080:BIO routines:BIO_new_file:no such file)
2018/06/27 22:29:19 [emerg] 9#9: open() "/etc/nginx/conf.d/letsencrypt.conf" failed (2: No such file or directory) in /etc/nginx/conf.d/default.conf:7
2018/06/27 22:32:18 [emerg] 11#11: open() "/etc/nginx/conf.d/letsencrypt.conf" failed (2: No such file or directory) in /etc/nginx/conf.d/default.conf:7
2018/06/27 22:38:50 [emerg] 9#9: open() "/etc/nginx/conf.d/letsencrypt.conf" failed (2: No such file or directory) in /etc/nginx/conf.d/default.conf:7
2018/06/27 22:40:52 [emerg] 12#12: PEM_read_bio_X509_AUX("/etc/letsencrypt/live/buron.ovh/fullchain.pem") failed (SSL: error:0906D06C:PEM routines:PEM_read_bio:no start line:Expecting: TRUSTED CERTIFICATE)
2018/06/28 09:18:22 [emerg] 10#10: PEM_read_bio_X509_AUX("/etc/letsencrypt/live/buron.ovh/fullchain.pem") failed (SSL: error:0906D06C:PEM routines:PEM_read_bio:no start line:Expecting: TRUSTED CERTIFICATE)
2018/06/28 09:42:47 [emerg] 10#10: PEM_read_bio_X509_AUX("/etc/letsencrypt/live/buron.ovh/fullchain.pem") failed (SSL: error:0906D06C:PEM routines:PEM_read_bio:no start line:Expecting: TRUSTED CERTIFICATE)
2018/06/28 09:45:28 [emerg] 13#13: PEM_read_bio_X509_AUX("/etc/letsencrypt/live/buron.ovh/fullchain.pem") failed (SSL: error:0906D06C:PEM routines:PEM_read_bio:no start line:Expecting: TRUSTED CERTIFICATE)
2018/06/28 09:47:54 [emerg] 13#13: PEM_read_bio_X509_AUX("/etc/letsencrypt/live/buron.ovh/fullchain.pem") failed (SSL: error:0906D06C:PEM routines:PEM_read_bio:no start line:Expecting: TRUSTED CERTIFICATE)
